<?xml version="1.0" encoding="UTF-8"?>
<testng-results skipped="0" failed="0" ignored="0" total="1" passed="1">
  <reporter-output>
  </reporter-output>
  <suite name="Suite" duration-ms="28865" started-at="2022-10-10T13:20:24 IST" finished-at="2022-10-10T13:20:53 IST">
    <groups>
    </groups>
    <test name="Test" duration-ms="28865" started-at="2022-10-10T13:20:24 IST" finished-at="2022-10-10T13:20:53 IST">
      <class name="com.test.Launch">
        <test-method status="PASS" signature="conbm(java.lang.String)[pri:0, instance:com.test.Launch@2c039ac6]" name="conbm" is-config="true" duration-ms="6784" started-at="2022-10-10T13:20:24 IST" finished-at="2022-10-10T13:20:31 IST">
          <params>
            <param index="0">
              <value>
                <![CDATA[firefox]]>
              </value>
            </param>
          </params>
          <reporter-output>
          </reporter-output>
        </test-method> <!-- conbm -->
        <test-method status="PASS" signature="test()[pri:0, instance:com.test.Launch@2c039ac6]" name="test" duration-ms="22040" started-at="2022-10-10T13:20:31 IST" finished-at="2022-10-10T13:20:53 IST">
          <reporter-output>
          </reporter-output>
        </test-method> <!-- test -->
      </class> <!-- com.test.Launch -->
    </test> <!-- Test -->
  </suite> <!-- Suite -->
</testng-results>
